<?xml version="1.0" encoding="UTF-8"?>
<testng-results ignored="0" total="2" passed="2" failed="0" skipped="0">
  <reporter-output>
  </reporter-output>
  <suite started-at="2023-06-22T09:20:43 ICT" name="Suite1" finished-at="2023-06-22T09:20:43 ICT" duration-ms="25">
    <groups>
    </groups>
    <test started-at="2023-06-22T09:20:43 ICT" name="Nopackage" finished-at="2023-06-22T09:20:43 ICT" duration-ms="25">
      <class name="testngxml.SimpleTest">
        <test-method signature="test1()[pri:0, instance:testngxml.SimpleTest@b62d79]" started-at="2023-06-22T09:20:43 ICT" name="test1" finished-at="2023-06-22T09:20:43 ICT" duration-ms="6" status="PASS">
          <reporter-output>
          </reporter-output>
        </test-method> <!-- test1 -->
        <test-method signature="test2()[pri:0, instance:testngxml.SimpleTest@b62d79]" started-at="2023-06-22T09:20:43 ICT" name="test2" finished-at="2023-06-22T09:20:43 ICT" duration-ms="1" status="PASS">
          <reporter-output>
          </reporter-output>
        </test-method> <!-- test2 -->
      </class> <!-- testngxml.SimpleTest -->
    </test> <!-- Nopackage -->
  </suite> <!-- Suite1 -->
</testng-results>
