<?xml version="1.0" encoding="UTF-8"?>
<!-- Generated by org.testng.reporters.JUnitXMLReporter -->
<testsuite ignored="1" hostname="DESKTOP-RCT1VEK" failures="0" tests="3" name="TestGroup" time="0.026" errors="0" timestamp="2023-06-22T17:10:08 ICT">
  <testcase classname="lesson.three.GroupExampleTest" name="testOne" time="0.006"/>
  <testcase classname="lesson.three.GroupExampleTest" name="testThree" time="0.0"/>
  <testcase classname="lesson.three.GroupExampleTest" name="testTwo" time="0.0"/>
  <testcase classname="lesson.three.GroupExampleTest" name="testFour" time="0.0">
    <ignored/>
  </testcase> <!-- testFour -->
</testsuite> <!-- TestGroup -->
