<?xml version="1.0" encoding="UTF-8"?>
<!-- Generated by org.testng.reporters.JUnitXMLReporter -->
<testsuite ignored="0" hostname="DESKTOP-RCT1VEK" failures="0" tests="4" name="TestOne" time="0.029" errors="0" timestamp="2023-06-22T17:05:27 ICT">
  <testcase classname="lesson.two.DemoXmlTest" name="testOne" time="0.007"/>
  <testcase classname="lesson.two.DemoXmlTest" name="testTwo" time="0.0"/>
  <testcase classname="lesson.two.DemoXmlTwoTest" name="testOne" time="0.0"/>
  <testcase classname="lesson.two.DemoXmlTwoTest" name="testTwo" time="0.0"/>
</testsuite> <!-- TestOne -->
